<?xml version="1.0" encoding="UTF-8"?>
<!-- Generated by org.testng.reporters.JUnitReportReporter -->
<testsuite name="com.qa.hubspot.tests.LoginPFTest" tests="1" time="58.272" ignored="0" failures="0" timestamp="19 Sep 2019 06:29:09 GMT" skipped="0" hostname="DESKTOP-DPFT8P4" errors="0">
  <testcase name="loginTest" time="58.272" classname="com.qa.hubspot.tests.LoginPFTest"/>
</testsuite> <!-- com.qa.hubspot.tests.LoginPFTest -->
