<?xml version="1.0" encoding="UTF-8"?>
<!-- Generated by org.testng.reporters.JUnitReportReporter -->
<testsuite name="com.qa.hubspot.tests.LoginTest" tests="2" time="67.118" ignored="0" failures="0" timestamp="01 Sep 2019 11:57:33 GMT" skipped="0" hostname="DESKTOP-DPFT8P4" errors="0">
  <testcase name="loginTest" time="46.106" classname="com.qa.hubspot.tests.LoginTest"/>
  <testcase name="loginPageTitleTest" time="21.012" classname="com.qa.hubspot.tests.LoginTest"/>
</testsuite> <!-- com.qa.hubspot.tests.LoginTest -->
