<?xml version="1.0" encoding="UTF-8"?>
<!-- Generated by org.testng.reporters.JUnitReportReporter -->
<testsuite name="com.qa.hubspot.tests.LoginTest" tests="2" time="27.585" ignored="0" failures="0" timestamp="23 Sep 2019 17:56:01 GMT" skipped="0" hostname="DESKTOP-DPFT8P4" errors="0">
  <testcase name="loginPageTitleTest" time="14.293" classname="com.qa.hubspot.tests.LoginTest"/>
  <testcase name="loginTest" time="13.292" classname="com.qa.hubspot.tests.LoginTest"/>
</testsuite> <!-- com.qa.hubspot.tests.LoginTest -->
