<?xml version="1.0" encoding="UTF-8"?>
<!-- Generated by org.testng.reporters.JUnitReportReporter -->
<testsuite name="com.qa.hubspot.tests.HomePageTest" tests="3" time="55.773" ignored="0" failures="0" timestamp="23 Sep 2019 17:57:37 GMT" skipped="0" hostname="DESKTOP-DPFT8P4" errors="0">
  <testcase name="verifyHomePageTitleTest" time="17.404" classname="com.qa.hubspot.tests.HomePageTest"/>
  <testcase name="verifyHomePageHeaderTest" time="19.772" classname="com.qa.hubspot.tests.HomePageTest"/>
  <testcase name="verifyLoggedInUserAccountTest" time="18.597" classname="com.qa.hubspot.tests.HomePageTest"/>
</testsuite> <!-- com.qa.hubspot.tests.HomePageTest -->
