<?xml version="1.0" encoding="UTF-8"?>
<!-- Generated by org.testng.reporters.JUnitReportReporter -->
<testsuite name="com.qa.hubspot.tests.ContactsPageTest" tests="2" time="90.419" ignored="0" failures="0" timestamp="01 Sep 2019 15:45:34 GMT" skipped="0" hostname="DESKTOP-DPFT8P4" errors="0">
  <testcase name="createNewContactTest" time="50.365" classname="com.qa.hubspot.tests.ContactsPageTest"/>
  <testcase name="verifyContactsPageTitleTest" time="40.054" classname="com.qa.hubspot.tests.ContactsPageTest"/>
</testsuite> <!-- com.qa.hubspot.tests.ContactsPageTest -->
