<?xml version="1.0" encoding="UTF-8"?>
<!-- Generated by org.testng.reporters.JUnitReportReporter -->
<testsuite name="com.qa.hubspot.tests.HomePageTest" tests="3" time="80.032" ignored="0" failures="0" timestamp="01 Sep 2019 11:46:47 GMT" skipped="0" hostname="DESKTOP-DPFT8P4" errors="0">
  <testcase name="verifyHomePageHeaderTest" time="25.790" classname="com.qa.hubspot.tests.HomePageTest"/>
  <testcase name="verifyLoggedInUserAccountTest" time="30.644" classname="com.qa.hubspot.tests.HomePageTest"/>
  <testcase name="verifyHomePageTitleTest" time="23.598" classname="com.qa.hubspot.tests.HomePageTest"/>
</testsuite> <!-- com.qa.hubspot.tests.HomePageTest -->
